app/build/outputs/logs/manifest-merger-debug-report.txt
-- Merging decision tree log ---
manifest
ADDED from src\main\AndroidManifest.xml:2:1-65:12
	package
		ADDED from src\main\AndroidManifest.xml:3:5-39
		INJECTED from src\main\AndroidManifest.xml
		INJECTED from src\main\AndroidManifest.xml
	android:versionName
		ADDED from src\main\AndroidManifest.xml:5:5-30
		INJECTED from src\main\AndroidManifest.xml
		INJECTED from src\main\AndroidManifest.xml
	android:versionCode
		ADDED from src\main\AndroidManifest.xml:4:5-28
		INJECTED from src\main\AndroidManifest.xml
		INJECTED from src\main\AndroidManifest.xml
	xmlns:android
		ADDED from src\main\AndroidManifest.xml:2:11-69
uses-sdk
ADDED from src\main\AndroidManifest.xml:7:5-9:41
MERGED from [com.android.support:design:23.1.1] AndroidManifest.xml:20:5-43
MERGED from [com.android.support:appcompat-v7:23.1.1] AndroidManifest.xml:20:5-43
MERGED from [com.android.support:support-v4:23.1.1] AndroidManifest.xml:20:5-43
MERGED from [com.android.support:recyclerview-v7:23.1.1] AndroidManifest.xml:20:5-43
MERGED from [com.mcxiaoke.volley:library-aar:1.0.0] AndroidManifest.xml:3:5-72
	android:targetSdkVersion
		ADDED from src\main\AndroidManifest.xml:9:9-38
		INJECTED from src\main\AndroidManifest.xml
		INJECTED from src\main\AndroidManifest.xml
	android:minSdkVersion
		ADDED from src\main\AndroidManifest.xml:8:9-34
		INJECTED from src\main\AndroidManifest.xml
		INJECTED from src\main\AndroidManifest.xml
uses-permission#android.permission.INTERNET
ADDED from src\main\AndroidManifest.xml:11:5-67
	android:name
		ADDED from src\main\AndroidManifest.xml:11:22-64
uses-permission#android.permission.WRITE_EXTERNAL_STORAGE
ADDED from src\main\AndroidManifest.xml:13:5-81
	android:name
		ADDED from src\main\AndroidManifest.xml:13:22-78
uses-permission#android.permission.READ_PHONE_STATE
ADDED from src\main\AndroidManifest.xml:14:5-75
	android:name
		ADDED from src\main\AndroidManifest.xml:14:22-72
uses-permission#android.permission.READ_EXTERNAL_STORAGE
ADDED from src\main\AndroidManifest.xml:15:5-80
	android:name
		ADDED from src\main\AndroidManifest.xml:15:22-77
uses-permission#android.permission.CAMERA
ADDED from src\main\AndroidManifest.xml:17:5-65
	android:name
		ADDED from src\main\AndroidManifest.xml:17:22-62
uses-feature#android.hardware.camera
ADDED from src\main\AndroidManifest.xml:18:7-62
	android:name
		ADDED from src\main\AndroidManifest.xml:18:21-59
uses-feature#android.hardware.camera2.full
ADDED from src\main\AndroidManifest.xml:19:5-66
	android:name
		ADDED from src\main\AndroidManifest.xml:19:19-63
application
ADDED from src\main\AndroidManifest.xml:21:5-63:19
MERGED from [com.android.support:design:23.1.1] AndroidManifest.xml:22:5-20
MERGED from [com.android.support:appcompat-v7:23.1.1] AndroidManifest.xml:22:5-20
MERGED from [com.android.support:support-v4:23.1.1] AndroidManifest.xml:22:5-20
MERGED from [com.mcxiaoke.volley:library-aar:1.0.0] AndroidManifest.xml:5:5-19
	android:label
		ADDED from src\main\AndroidManifest.xml:25:9-41
	android:allowBackup
		ADDED from src\main\AndroidManifest.xml:23:9-35
	android:icon
		ADDED from src\main\AndroidManifest.xml:24:9-45
	android:largeHeap
		ADDED from src\main\AndroidManifest.xml:28:9-33
	android:theme
		ADDED from src\main\AndroidManifest.xml:26:9-40
	android:logo
		ADDED from src\main\AndroidManifest.xml:27:9-43
	android:name
		ADDED from src\main\AndroidManifest.xml:22:9-42
activity#edu.csub.cs.WorkOrderApp.activity.LandingPage
ADDED from src\main\AndroidManifest.xml:29:9-38:20
	android:launchMode
		ADDED from src\main\AndroidManifest.xml:31:13-43
	android:windowSoftInputMode
		ADDED from src\main\AndroidManifest.xml:32:13-52
	android:name
		ADDED from src\main\AndroidManifest.xml:30:13-49
intent-filter#android.intent.action.MAIN+android.intent.category.LAUNCHER
ADDED from src\main\AndroidManifest.xml:33:13-37:29
action#android.intent.action.MAIN
ADDED from src\main\AndroidManifest.xml:34:17-69
	android:name
		ADDED from src\main\AndroidManifest.xml:34:25-66
category#android.intent.category.LAUNCHER
ADDED from src\main\AndroidManifest.xml:36:17-77
	android:name
		ADDED from src\main\AndroidManifest.xml:36:27-74
activity#edu.csub.cs.WorkOrderApp.activity.WODetailActivity
ADDED from src\main\AndroidManifest.xml:39:9-42:64
	android:launchMode
		ADDED from src\main\AndroidManifest.xml:41:13-43
	android:windowSoftInputMode
		ADDED from src\main\AndroidManifest.xml:42:13-52
	android:name
		ADDED from src\main\AndroidManifest.xml:40:13-54
activity#edu.csub.cs.WorkOrderApp.activity.LoginActivity
ADDED from src\main\AndroidManifest.xml:43:9-46:64
	android:launchMode
		ADDED from src\main\AndroidManifest.xml:45:13-43
	android:windowSoftInputMode
		ADDED from src\main\AndroidManifest.xml:46:13-52
	android:name
		ADDED from src\main\AndroidManifest.xml:44:13-51
activity#edu.csub.cs.WorkOrderApp.activity.NewWOActivity
ADDED from src\main\AndroidManifest.xml:47:9-52:64
	android:screenOrientation
		ADDED from src\main\AndroidManifest.xml:51:13-49
	android:launchMode
		ADDED from src\main\AndroidManifest.xml:49:13-43
	android:windowSoftInputMode
		ADDED from src\main\AndroidManifest.xml:52:13-52
	android:configChanges
		ADDED from src\main\AndroidManifest.xml:50:13-48
	android:name
		ADDED from src\main\AndroidManifest.xml:48:13-51
activity#edu.csub.cs.WorkOrderApp.activity.RegisterActivity
ADDED from src\main\AndroidManifest.xml:53:9-56:64
	android:launchMode
		ADDED from src\main\AndroidManifest.xml:55:13-43
	android:windowSoftInputMode
		ADDED from src\main\AndroidManifest.xml:56:13-52
	android:name
		ADDED from src\main\AndroidManifest.xml:54:13-54
activity#edu.csub.cs.WorkOrderApp.activity.MainActivity
ADDED from src\main\AndroidManifest.xml:57:9-59:55
	android:launchMode
		ADDED from src\main\AndroidManifest.xml:59:13-43
	android:name
		ADDED from src\main\AndroidManifest.xml:58:13-50
activity#edu.csub.cs.WorkOrderApp.activity.OrderComplete
ADDED from src\main\AndroidManifest.xml:60:9-62:55
	android:launchMode
		ADDED from src\main\AndroidManifest.xml:62:13-43
	android:name
		ADDED from src\main\AndroidManifest.xml:61:13-51